This file contains any messages produced by compilers while
running configure, to aid debugging if configure makes a mistake.

It was created by libccd configure 1.0, which was
generated by GNU Autoconf 2.69.  Invocation command line was

  $ ./configure --disable-option-checking --prefix=/usr/local --cache-file=/dev/null --srcdir=.

## --------- ##
## Platform. ##
## --------- ##

hostname = linux-ne70
uname -m = x86_64
uname -r = 4.12.14-lp151.28.36-default
uname -s = Linux
uname -v = #1 SMP Fri Dec 6 13:50:27 UTC 2019 (8f4a495)

/usr/bin/uname -p = x86_64
/bin/uname -X     = unknown

/bin/arch              = x86_64
/usr/bin/arch -k       = unknown
/usr/convex/getsysinfo = unknown
/usr/bin/hostinfo      = unknown
/bin/machine           = unknown
/usr/bin/oslevel       = unknown
/bin/universe          = unknown

PATH: /home/yinp/bin
PATH: /usr/local/bin
PATH: /usr/bin
PATH: /bin


## ----------- ##
## Core tests. ##
## ----------- ##

configure:2323: loading site script /usr/share/site/x86_64-unknown-linux-gnu
| #!/bin/sh
| # Site script for configure. It is resourced via $CONFIG_SITE environment varaible.
| 
| # If user did not specify libdir, guess the correct target:
| # Use lib64 for 64 bit bi-arch targets, keep the default for the rest.
| if test "$libdir" = '${exec_prefix}/lib' ; then
| 
| 	ac_config_site_64bit_host=NONE
| 
| 	case "$host" in
| 	"" )
| 		# User did not specify host target.
| 		# The native platform x86_64 is a bi-arch platform.
| 		# Try to detect cross-compilation to inferior architecture.
| 
| 		# We are trying to guess 32-bit target compilation. It's not as easy as
| 		# it sounds, as there is possible several intermediate combinations.
| 		ac_config_site_cross_to_32bit_host=NONE
| 
| 		# User defined -m32 in CFLAGS or CXXFLAGS or CC or CXX:
| 		# (It's sufficient for 32-bit, but alone may cause mis-behavior of some checks.)
| 		case "$CFLAGS $CXXFLAGS $CC $CXX" in
| 		*-m32*)
| 			ac_config_site_cross_to_32bit_host=YES
| 			;;
| 		esac
| 
| 		# Running with linux32:
| 		# (Changes detected platform, but not the toolchain target.)
| 		case "`/bin/uname -i`" in
| 		x86_64 | ppc64 | s390x | aarch64 )
| 			;;
| 		* )
| 			ac_config_site_cross_to_32bit_host=YES
| 			;;
| 		esac
| 
| 		if test "x$ac_config_site_cross_to_32bit_host" = xNONE; then
| 			ac_config_site_64bit_host=YES
| 		fi
| 
| 		;;
| 	*x86_64* | *ppc64* | *s390x* | *aarch64* )
| 		ac_config_site_64bit_host=YES
| 		;;
| 	esac
| 
| 	if test "x$ac_config_site_64bit_host" = xYES; then
| 		libdir='${exec_prefix}/lib64'
| 	fi
| fi
| 
| # If user did not specify libexecdir, set the correct target:
| # Nor FHS nor openSUSE allow prefix/libexec. Let's default to prefix/lib.
| 
| if test "$libexecdir" = '${exec_prefix}/libexec' ; then
| 	libexecdir='${exec_prefix}/lib'
| fi
| 
| # Continue with the standard behavior of configure defined in AC_SITE_LOAD:
| if test "x$prefix" != xNONE; then
| 	ac_site_file1=$prefix/share/config.site
| 	ac_site_file2=$prefix/etc/config.site
| else
| 	ac_site_file1=$ac_default_prefix/share/config.site
| 	ac_site_file2=$ac_default_prefix/etc/config.site
| fi
| for ac_site_file in "$ac_site_file1" "$ac_site_file2"
| do
| 	test "x$ac_site_file" = xNONE && continue
| 	if test /dev/null != "$ac_site_file" && test -r "$ac_site_file"; then
| 		{ $as_echo "/usr/share/site/x86_64-unknown-linux-gnu:${as_lineno-$LINENO}: loading site script $ac_site_file" >&5
| $as_echo "/usr/share/site/x86_64-unknown-linux-gnu: loading site script $ac_site_file" >&6;}
| 		sed 's/^/| /' "$ac_site_file" >&5
| 		. "$ac_site_file" \
| 			|| { { $as_echo "/usr/share/site/x86_64-unknown-linux-gnu:${as_lineno-$LINENO}: error: in \`$ac_pwd':" >&5
| $as_echo "/usr/share/site/x86_64-unknown-linux-gnu: error: in \`$ac_pwd':" >&2;}
| as_fn_error $? "failed to load site script $ac_site_file
| See \`config.log' for more details" "$LINENO" 5; }
| 	fi
| done
configure:2467: checking for a BSD-compatible install
configure:2535: result: /usr/bin/install -c
configure:2546: checking whether build environment is sane
configure:2601: result: yes
configure:2752: checking for a thread-safe mkdir -p
configure:2791: result: /usr/bin/mkdir -p
configure:2798: checking for gawk
configure:2814: found /usr/bin/gawk
configure:2825: result: gawk
configure:2836: checking whether make sets $(MAKE)
configure:2858: result: yes
configure:2887: checking whether make supports nested variables
configure:2904: result: yes
configure:3090: checking for g++
configure:3106: found /usr/bin/g++
configure:3117: result: g++
configure:3144: checking for C++ compiler version
configure:3153: g++ --version >&5
g++ (SUSE Linux) 7.4.1 20190905 [gcc-7-branch revision 275407]
Copyright (C) 2017 Free Software Foundation, Inc.
This is free software; see the source for copying conditions.  There is NO
warranty; not even for MERCHANTABILITY or FITNESS FOR A PARTICULAR PURPOSE.

configure:3164: $? = 0
configure:3153: g++ -v >&5
Using built-in specs.
COLLECT_GCC=g++
COLLECT_LTO_WRAPPER=/usr/lib64/gcc/x86_64-suse-linux/7/lto-wrapper
OFFLOAD_TARGET_NAMES=hsa:nvptx-none
Target: x86_64-suse-linux
Configured with: ../configure --prefix=/usr --infodir=/usr/share/info --mandir=/usr/share/man --libdir=/usr/lib64 --libexecdir=/usr/lib64 --enable-languages=c,c++,objc,fortran,obj-c++,ada,go --enable-offload-targets=hsa,nvptx-none=/usr/nvptx-none, --without-cuda-driver --enable-checking=release --disable-werror --with-gxx-include-dir=/usr/include/c++/7 --enable-ssp --disable-libssp --disable-libvtv --disable-libcc1 --disable-plugin --with-bugurl=https://bugs.opensuse.org/ --with-pkgversion='SUSE Linux' --with-slibdir=/lib64 --with-system-zlib --enable-libstdcxx-allocator=new --disable-libstdcxx-pch --enable-version-specific-runtime-libs --with-gcc-major-version-only --enable-linker-build-id --enable-linux-futex --enable-gnu-indirect-function --program-suffix=-7 --without-system-libunwind --enable-multilib --with-arch-32=x86-64 --with-tune=generic --build=x86_64-suse-linux --host=x86_64-suse-linux
Thread model: posix
gcc version 7.4.1 20190905 [gcc-7-branch revision 275407] (SUSE Linux) 
configure:3164: $? = 0
configure:3153: g++ -V >&5
g++: error: unrecognized command line option '-V'
g++: fatal error: no input files
compilation terminated.
configure:3164: $? = 1
configure:3153: g++ -qversion >&5
g++: error: unrecognized command line option '-qversion'; did you mean '--version'?
g++: fatal error: no input files
compilation terminated.
configure:3164: $? = 1
configure:3184: checking whether the C++ compiler works
configure:3206: g++    conftest.cpp  >&5
configure:3210: $? = 0
configure:3258: result: yes
configure:3261: checking for C++ compiler default output file name
configure:3263: result: a.out
configure:3269: checking for suffix of executables
configure:3276: g++ -o conftest    conftest.cpp  >&5
configure:3280: $? = 0
configure:3302: result: 
configure:3324: checking whether we are cross compiling
configure:3332: g++ -o conftest    conftest.cpp  >&5
configure:3336: $? = 0
configure:3343: ./conftest
configure:3347: $? = 0
configure:3362: result: no
configure:3367: checking for suffix of object files
configure:3389: g++ -c   conftest.cpp >&5
configure:3393: $? = 0
configure:3414: result: o
configure:3418: checking whether we are using the GNU C++ compiler
configure:3437: g++ -c   conftest.cpp >&5
configure:3437: $? = 0
configure:3446: result: yes
configure:3455: checking whether g++ accepts -g
configure:3475: g++ -c -g  conftest.cpp >&5
configure:3475: $? = 0
configure:3516: result: yes
configure:3550: checking for style of include used by make
configure:3578: result: GNU
configure:3604: checking dependency style of g++
configure:3715: result: gcc3
configure:3778: checking for gcc
configure:3794: found /usr/bin/gcc
configure:3805: result: gcc
configure:4034: checking for C compiler version
configure:4043: gcc --version >&5
gcc (SUSE Linux) 7.4.1 20190905 [gcc-7-branch revision 275407]
Copyright (C) 2017 Free Software Foundation, Inc.
This is free software; see the source for copying conditions.  There is NO
warranty; not even for MERCHANTABILITY or FITNESS FOR A PARTICULAR PURPOSE.

configure:4054: $? = 0
configure:4043: gcc -v >&5
Using built-in specs.
COLLECT_GCC=gcc
COLLECT_LTO_WRAPPER=/usr/lib64/gcc/x86_64-suse-linux/7/lto-wrapper
OFFLOAD_TARGET_NAMES=hsa:nvptx-none
Target: x86_64-suse-linux
Configured with: ../configure --prefix=/usr --infodir=/usr/share/info --mandir=/usr/share/man --libdir=/usr/lib64 --libexecdir=/usr/lib64 --enable-languages=c,c++,objc,fortran,obj-c++,ada,go --enable-offload-targets=hsa,nvptx-none=/usr/nvptx-none, --without-cuda-driver --enable-checking=release --disable-werror --with-gxx-include-dir=/usr/include/c++/7 --enable-ssp --disable-libssp --disable-libvtv --disable-libcc1 --disable-plugin --with-bugurl=https://bugs.opensuse.org/ --with-pkgversion='SUSE Linux' --with-slibdir=/lib64 --with-system-zlib --enable-libstdcxx-allocator=new --disable-libstdcxx-pch --enable-version-specific-runtime-libs --with-gcc-major-version-only --enable-linker-build-id --enable-linux-futex --enable-gnu-indirect-function --program-suffix=-7 --without-system-libunwind --enable-multilib --with-arch-32=x86-64 --with-tune=generic --build=x86_64-suse-linux --host=x86_64-suse-linux
Thread model: posix
gcc version 7.4.1 20190905 [gcc-7-branch revision 275407] (SUSE Linux) 
configure:4054: $? = 0
configure:4043: gcc -V >&5
gcc: error: unrecognized command line option '-V'
gcc: fatal error: no input files
compilation terminated.
configure:4054: $? = 1
configure:4043: gcc -qversion >&5
gcc: error: unrecognized command line option '-qversion'; did you mean '--version'?
gcc: fatal error: no input files
compilation terminated.
configure:4054: $? = 1
configure:4058: checking whether we are using the GNU C compiler
configure:4077: gcc -c   conftest.c >&5
configure:4077: $? = 0
configure:4086: result: yes
configure:4095: checking whether gcc accepts -g
configure:4115: gcc -c -g  conftest.c >&5
configure:4115: $? = 0
configure:4156: result: yes
configure:4173: checking for gcc option to accept ISO C89
configure:4236: gcc  -c -g -O2  conftest.c >&5
configure:4236: $? = 0
configure:4249: result: none needed
configure:4274: checking whether gcc understands -c and -o together
configure:4296: gcc -c conftest.c -o conftest2.o
configure:4299: $? = 0
configure:4296: gcc -c conftest.c -o conftest2.o
configure:4299: $? = 0
configure:4311: result: yes
configure:4330: checking dependency style of gcc
configure:4441: result: gcc3
configure:4517: checking build system type
configure:4531: result: x86_64-pc-linux-gnu
configure:4551: checking host system type
configure:4564: result: x86_64-pc-linux-gnu
configure:4605: checking how to print strings
configure:4632: result: printf
configure:4653: checking for a sed that does not truncate output
configure:4717: result: /usr/bin/sed
configure:4735: checking for grep that handles long lines and -e
configure:4793: result: /usr/bin/grep
configure:4798: checking for egrep
configure:4860: result: /usr/bin/grep -E
configure:4865: checking for fgrep
configure:4927: result: /usr/bin/grep -F
configure:4962: checking for ld used by gcc
configure:5029: result: /usr/x86_64-suse-linux/bin/ld
configure:5036: checking if the linker (/usr/x86_64-suse-linux/bin/ld) is GNU ld
configure:5051: result: yes
configure:5063: checking for BSD- or MS-compatible name lister (nm)
configure:5117: result: /usr/bin/nm -B
configure:5247: checking the name lister (/usr/bin/nm -B) interface
configure:5254: gcc -c -g -O2  conftest.c >&5
configure:5257: /usr/bin/nm -B "conftest.o"
configure:5260: output
0000000000000000 B some_variable
configure:5267: result: BSD nm
configure:5270: checking whether ln -s works
configure:5274: result: yes
configure:5282: checking the maximum length of command line arguments
configure:5413: result: 1572864
configure:5461: checking how to convert x86_64-pc-linux-gnu file names to x86_64-pc-linux-gnu format
configure:5501: result: func_convert_file_noop
configure:5508: checking how to convert x86_64-pc-linux-gnu file names to toolchain format
configure:5528: result: func_convert_file_noop
configure:5535: checking for /usr/x86_64-suse-linux/bin/ld option to reload object files
configure:5542: result: -r
configure:5616: checking for objdump
configure:5632: found /usr/bin/objdump
configure:5643: result: objdump
configure:5675: checking how to recognize dependent libraries
configure:5875: result: pass_all
configure:5960: checking for dlltool
configure:5990: result: no
configure:6020: checking how to associate runtime and link libraries
configure:6047: result: printf %s\n
configure:6108: checking for ar
configure:6124: found /usr/bin/ar
configure:6135: result: ar
configure:6172: checking for archiver @FILE support
configure:6189: gcc -c -g -O2  conftest.c >&5
configure:6189: $? = 0
configure:6192: ar cru libconftest.a @conftest.lst >&5
configure:6195: $? = 0
configure:6200: ar cru libconftest.a @conftest.lst >&5
ar: conftest.o: No such file or directory
configure:6203: $? = 1
configure:6215: result: @
configure:6273: checking for strip
configure:6289: found /usr/bin/strip
configure:6300: result: strip
configure:6372: checking for ranlib
configure:6388: found /usr/bin/ranlib
configure:6399: result: ranlib
configure:6501: checking command to parse /usr/bin/nm -B output from gcc object
configure:6654: gcc -c -g -O2  conftest.c >&5
configure:6657: $? = 0
configure:6661: /usr/bin/nm -B conftest.o \| sed -n -e 's/^.*[ ]\([ABCDGIRSTW][ABCDGIRSTW]*\)[ ][ ]*\([_A-Za-z][_A-Za-z0-9]*\)$/\1 \2 \2/p' | sed '/ __gnu_lto/d' \> conftest.nm
configure:6664: $? = 0
configure:6730: gcc -o conftest -g -O2   conftest.c conftstm.o >&5
configure:6733: $? = 0
configure:6771: result: ok
configure:6818: checking for sysroot
configure:6848: result: no
configure:6855: checking for a working dd
configure:6893: result: /usr/bin/dd
configure:6897: checking how to truncate binary pipes
configure:6912: result: /usr/bin/dd bs=4096 count=1
configure:7048: gcc -c -g -O2  conftest.c >&5
configure:7051: $? = 0
configure:7241: checking for mt
configure:7257: found /usr/bin/mt
configure:7268: result: mt
configure:7291: checking if mt is a manifest tool
configure:7297: mt '-?'
configure:7305: result: no
configure:7982: checking how to run the C preprocessor
configure:8013: gcc -E  conftest.c
configure:8013: $? = 0
configure:8027: gcc -E  conftest.c
conftest.c:11:10: fatal error: ac_nonexistent.h: No such file or directory
 #include <ac_nonexistent.h>
          ^~~~~~~~~~~~~~~~~~
compilation terminated.
configure:8027: $? = 1
configure: failed program was:
| /* confdefs.h */
| #define PACKAGE_NAME "libccd"
| #define PACKAGE_TARNAME "libccd"
| #define PACKAGE_VERSION "1.0"
| #define PACKAGE_STRING "libccd 1.0"
| #define PACKAGE_BUGREPORT "danfis@danfis.cz"
| #define PACKAGE_URL ""
| #define PACKAGE "libccd"
| #define VERSION "1.0"
| /* end confdefs.h.  */
| #include <ac_nonexistent.h>
configure:8052: result: gcc -E
configure:8072: gcc -E  conftest.c
configure:8072: $? = 0
configure:8086: gcc -E  conftest.c
conftest.c:11:10: fatal error: ac_nonexistent.h: No such file or directory
 #include <ac_nonexistent.h>
          ^~~~~~~~~~~~~~~~~~
compilation terminated.
configure:8086: $? = 1
configure: failed program was:
| /* confdefs.h */
| #define PACKAGE_NAME "libccd"
| #define PACKAGE_TARNAME "libccd"
| #define PACKAGE_VERSION "1.0"
| #define PACKAGE_STRING "libccd 1.0"
| #define PACKAGE_BUGREPORT "danfis@danfis.cz"
| #define PACKAGE_URL ""
| #define PACKAGE "libccd"
| #define VERSION "1.0"
| /* end confdefs.h.  */
| #include <ac_nonexistent.h>
configure:8115: checking for ANSI C header files
configure:8135: gcc -c -g -O2  conftest.c >&5
configure:8135: $? = 0
configure:8208: gcc -o conftest -g -O2   conftest.c  >&5
configure:8208: $? = 0
configure:8208: ./conftest
configure:8208: $? = 0
configure:8219: result: yes
configure:8232: checking for sys/types.h
configure:8232: gcc -c -g -O2  conftest.c >&5
configure:8232: $? = 0
configure:8232: result: yes
configure:8232: checking for sys/stat.h
configure:8232: gcc -c -g -O2  conftest.c >&5
configure:8232: $? = 0
configure:8232: result: yes
configure:8232: checking for stdlib.h
configure:8232: gcc -c -g -O2  conftest.c >&5
configure:8232: $? = 0
configure:8232: result: yes
configure:8232: checking for string.h
configure:8232: gcc -c -g -O2  conftest.c >&5
configure:8232: $? = 0
configure:8232: result: yes
configure:8232: checking for memory.h
configure:8232: gcc -c -g -O2  conftest.c >&5
configure:8232: $? = 0
configure:8232: result: yes
configure:8232: checking for strings.h
configure:8232: gcc -c -g -O2  conftest.c >&5
configure:8232: $? = 0
configure:8232: result: yes
configure:8232: checking for inttypes.h
configure:8232: gcc -c -g -O2  conftest.c >&5
configure:8232: $? = 0
configure:8232: result: yes
configure:8232: checking for stdint.h
configure:8232: gcc -c -g -O2  conftest.c >&5
configure:8232: $? = 0
configure:8232: result: yes
configure:8232: checking for unistd.h
configure:8232: gcc -c -g -O2  conftest.c >&5
configure:8232: $? = 0
configure:8232: result: yes
configure:8246: checking for dlfcn.h
configure:8246: gcc -c -g -O2  conftest.c >&5
configure:8246: $? = 0
configure:8246: result: yes
configure:8483: checking for objdir
configure:8498: result: .libs
configure:8758: checking if gcc supports -fno-rtti -fno-exceptions
configure:8776: gcc -c -g -O2  -fno-rtti -fno-exceptions conftest.c >&5
cc1: warning: command line option '-fno-rtti' is valid for C++/ObjC++ but not for C
configure:8780: $? = 0
configure:8793: result: no
configure:9151: checking for gcc option to produce PIC
configure:9158: result: -fPIC -DPIC
configure:9166: checking if gcc PIC flag -fPIC -DPIC works
configure:9184: gcc -c -g -O2  -fPIC -DPIC -DPIC conftest.c >&5
configure:9188: $? = 0
configure:9201: result: yes
configure:9230: checking if gcc static flag -static works
configure:9258: result: no
configure:9273: checking if gcc supports -c -o file.o
configure:9294: gcc -c -g -O2  -o out/conftest2.o conftest.c >&5
configure:9298: $? = 0
configure:9320: result: yes
configure:9328: checking if gcc supports -c -o file.o
configure:9375: result: yes
configure:9408: checking whether the gcc linker (/usr/x86_64-suse-linux/bin/ld -m elf_x86_64) supports shared libraries
configure:10671: result: yes
configure:10911: checking dynamic linker characteristics
configure:11492: gcc -o conftest -g -O2   -Wl,-rpath -Wl,/foo conftest.c  >&5
configure:11492: $? = 0
configure:11741: result: GNU/Linux ld.so
configure:11863: checking how to hardcode library paths into programs
configure:11888: result: immediate
configure:12436: checking whether stripping libraries is possible
configure:12441: result: yes
configure:12476: checking if libtool supports shared libraries
configure:12478: result: yes
configure:12481: checking whether to build shared libraries
configure:12506: result: no
configure:12509: checking whether to build static libraries
configure:12513: result: yes
configure:12536: checking how to run the C++ preprocessor
configure:12563: g++ -E  conftest.cpp
configure:12563: $? = 0
configure:12577: g++ -E  conftest.cpp
conftest.cpp:23:10: fatal error: ac_nonexistent.h: No such file or directory
 #include <ac_nonexistent.h>
          ^~~~~~~~~~~~~~~~~~
compilation terminated.
configure:12577: $? = 1
configure: failed program was:
| /* confdefs.h */
| #define PACKAGE_NAME "libccd"
| #define PACKAGE_TARNAME "libccd"
| #define PACKAGE_VERSION "1.0"
| #define PACKAGE_STRING "libccd 1.0"
| #define PACKAGE_BUGREPORT "danfis@danfis.cz"
| #define PACKAGE_URL ""
| #define PACKAGE "libccd"
| #define VERSION "1.0"
| #define STDC_HEADERS 1
| #define HAVE_SYS_TYPES_H 1
| #define HAVE_SYS_STAT_H 1
| #define HAVE_STDLIB_H 1
| #define HAVE_STRING_H 1
| #define HAVE_MEMORY_H 1
| #define HAVE_STRINGS_H 1
| #define HAVE_INTTYPES_H 1
| #define HAVE_STDINT_H 1
| #define HAVE_UNISTD_H 1
| #define HAVE_DLFCN_H 1
| #define LT_OBJDIR ".libs/"
| /* end confdefs.h.  */
| #include <ac_nonexistent.h>
configure:12602: result: g++ -E
configure:12622: g++ -E  conftest.cpp
configure:12622: $? = 0
configure:12636: g++ -E  conftest.cpp
conftest.cpp:23:10: fatal error: ac_nonexistent.h: No such file or directory
 #include <ac_nonexistent.h>
          ^~~~~~~~~~~~~~~~~~
compilation terminated.
configure:12636: $? = 1
configure: failed program was:
| /* confdefs.h */
| #define PACKAGE_NAME "libccd"
| #define PACKAGE_TARNAME "libccd"
| #define PACKAGE_VERSION "1.0"
| #define PACKAGE_STRING "libccd 1.0"
| #define PACKAGE_BUGREPORT "danfis@danfis.cz"
| #define PACKAGE_URL ""
| #define PACKAGE "libccd"
| #define VERSION "1.0"
| #define STDC_HEADERS 1
| #define HAVE_SYS_TYPES_H 1
| #define HAVE_SYS_STAT_H 1
| #define HAVE_STDLIB_H 1
| #define HAVE_STRING_H 1
| #define HAVE_MEMORY_H 1
| #define HAVE_STRINGS_H 1
| #define HAVE_INTTYPES_H 1
| #define HAVE_STDINT_H 1
| #define HAVE_UNISTD_H 1
| #define HAVE_DLFCN_H 1
| #define LT_OBJDIR ".libs/"
| /* end confdefs.h.  */
| #include <ac_nonexistent.h>
configure:12798: checking for ld used by g++
configure:12865: result: /usr/x86_64-suse-linux/bin/ld -m elf_x86_64
configure:12872: checking if the linker (/usr/x86_64-suse-linux/bin/ld -m elf_x86_64) is GNU ld
configure:12887: result: yes
configure:12942: checking whether the g++ linker (/usr/x86_64-suse-linux/bin/ld -m elf_x86_64) supports shared libraries
configure:14015: result: yes
configure:14051: g++ -c -g -O2  conftest.cpp >&5
configure:14054: $? = 0
configure:14535: checking for g++ option to produce PIC
configure:14542: result: -fPIC -DPIC
configure:14550: checking if g++ PIC flag -fPIC -DPIC works
configure:14568: g++ -c -g -O2  -fPIC -DPIC -DPIC conftest.cpp >&5
configure:14572: $? = 0
configure:14585: result: yes
configure:14608: checking if g++ static flag -static works
configure:14636: result: no
configure:14648: checking if g++ supports -c -o file.o
configure:14669: g++ -c -g -O2  -o out/conftest2.o conftest.cpp >&5
configure:14673: $? = 0
configure:14695: result: yes
configure:14700: checking if g++ supports -c -o file.o
configure:14747: result: yes
configure:14777: checking whether the g++ linker (/usr/x86_64-suse-linux/bin/ld -m elf_x86_64) supports shared libraries
configure:14820: result: yes
configure:14961: checking dynamic linker characteristics
configure:15718: result: GNU/Linux ld.so
configure:15783: checking how to hardcode library paths into programs
configure:15808: result: immediate
configure:15871: checking for main in -lm
configure:15890: gcc -o conftest -g -O2   conftest.c -lm   >&5
configure:15890: $? = 0
configure:15899: result: yes
configure:15911: checking for main in -lrt
configure:15930: gcc -o conftest -g -O2   conftest.c -lrt  -lm  >&5
configure:15930: $? = 0
configure:15939: result: yes
configure:15955: checking float.h usability
configure:15955: gcc -c -g -O2  conftest.c >&5
configure:15955: $? = 0
configure:15955: result: yes
configure:15955: checking float.h presence
configure:15955: gcc -E  conftest.c
configure:15955: $? = 0
configure:15955: result: yes
configure:15955: checking for float.h
configure:15955: result: yes
configure:15955: checking for stdlib.h
configure:15955: result: yes
configure:15955: checking for string.h
configure:15955: result: yes
configure:15955: checking for unistd.h
configure:15955: result: yes
configure:15967: checking for size_t
configure:15967: gcc -c -g -O2  conftest.c >&5
configure:15967: $? = 0
configure:15967: gcc -c -g -O2  conftest.c >&5
conftest.c: In function 'main':
conftest.c:65:21: error: expected expression before ')' token
 if (sizeof ((size_t)))
                     ^
configure:15967: $? = 1
configure: failed program was:
| /* confdefs.h */
| #define PACKAGE_NAME "libccd"
| #define PACKAGE_TARNAME "libccd"
| #define PACKAGE_VERSION "1.0"
| #define PACKAGE_STRING "libccd 1.0"
| #define PACKAGE_BUGREPORT "danfis@danfis.cz"
| #define PACKAGE_URL ""
| #define PACKAGE "libccd"
| #define VERSION "1.0"
| #define STDC_HEADERS 1
| #define HAVE_SYS_TYPES_H 1
| #define HAVE_SYS_STAT_H 1
| #define HAVE_STDLIB_H 1
| #define HAVE_STRING_H 1
| #define HAVE_MEMORY_H 1
| #define HAVE_STRINGS_H 1
| #define HAVE_INTTYPES_H 1
| #define HAVE_STDINT_H 1
| #define HAVE_UNISTD_H 1
| #define HAVE_DLFCN_H 1
| #define LT_OBJDIR ".libs/"
| #define HAVE_LIBM 1
| #define HAVE_LIBRT 1
| #define HAVE_FLOAT_H 1
| #define HAVE_STDLIB_H 1
| #define HAVE_STRING_H 1
| #define HAVE_UNISTD_H 1
| /* end confdefs.h.  */
| #include <stdio.h>
| #ifdef HAVE_SYS_TYPES_H
| # include <sys/types.h>
| #endif
| #ifdef HAVE_SYS_STAT_H
| # include <sys/stat.h>
| #endif
| #ifdef STDC_HEADERS
| # include <stdlib.h>
| # include <stddef.h>
| #else
| # ifdef HAVE_STDLIB_H
| #  include <stdlib.h>
| # endif
| #endif
| #ifdef HAVE_STRING_H
| # if !defined STDC_HEADERS && defined HAVE_MEMORY_H
| #  include <memory.h>
| # endif
| # include <string.h>
| #endif
| #ifdef HAVE_STRINGS_H
| # include <strings.h>
| #endif
| #ifdef HAVE_INTTYPES_H
| # include <inttypes.h>
| #endif
| #ifdef HAVE_STDINT_H
| # include <stdint.h>
| #endif
| #ifdef HAVE_UNISTD_H
| # include <unistd.h>
| #endif
| int
| main ()
| {
| if (sizeof ((size_t)))
| 	    return 0;
|   ;
|   return 0;
| }
configure:15967: result: yes
configure:15980: checking for pid_t
configure:15980: gcc -c -g -O2  conftest.c >&5
configure:15980: $? = 0
configure:15980: gcc -c -g -O2  conftest.c >&5
conftest.c: In function 'main':
conftest.c:65:20: error: expected expression before ')' token
 if (sizeof ((pid_t)))
                    ^
configure:15980: $? = 1
configure: failed program was:
| /* confdefs.h */
| #define PACKAGE_NAME "libccd"
| #define PACKAGE_TARNAME "libccd"
| #define PACKAGE_VERSION "1.0"
| #define PACKAGE_STRING "libccd 1.0"
| #define PACKAGE_BUGREPORT "danfis@danfis.cz"
| #define PACKAGE_URL ""
| #define PACKAGE "libccd"
| #define VERSION "1.0"
| #define STDC_HEADERS 1
| #define HAVE_SYS_TYPES_H 1
| #define HAVE_SYS_STAT_H 1
| #define HAVE_STDLIB_H 1
| #define HAVE_STRING_H 1
| #define HAVE_MEMORY_H 1
| #define HAVE_STRINGS_H 1
| #define HAVE_INTTYPES_H 1
| #define HAVE_STDINT_H 1
| #define HAVE_UNISTD_H 1
| #define HAVE_DLFCN_H 1
| #define LT_OBJDIR ".libs/"
| #define HAVE_LIBM 1
| #define HAVE_LIBRT 1
| #define HAVE_FLOAT_H 1
| #define HAVE_STDLIB_H 1
| #define HAVE_STRING_H 1
| #define HAVE_UNISTD_H 1
| /* end confdefs.h.  */
| #include <stdio.h>
| #ifdef HAVE_SYS_TYPES_H
| # include <sys/types.h>
| #endif
| #ifdef HAVE_SYS_STAT_H
| # include <sys/stat.h>
| #endif
| #ifdef STDC_HEADERS
| # include <stdlib.h>
| # include <stddef.h>
| #else
| # ifdef HAVE_STDLIB_H
| #  include <stdlib.h>
| # endif
| #endif
| #ifdef HAVE_STRING_H
| # if !defined STDC_HEADERS && defined HAVE_MEMORY_H
| #  include <memory.h>
| # endif
| # include <string.h>
| #endif
| #ifdef HAVE_STRINGS_H
| # include <strings.h>
| #endif
| #ifdef HAVE_INTTYPES_H
| # include <inttypes.h>
| #endif
| #ifdef HAVE_STDINT_H
| # include <stdint.h>
| #endif
| #ifdef HAVE_UNISTD_H
| # include <unistd.h>
| #endif
| int
| main ()
| {
| if (sizeof ((pid_t)))
| 	    return 0;
|   ;
|   return 0;
| }
configure:15980: result: yes
configure:15993: checking vfork.h usability
configure:15993: gcc -c -g -O2  conftest.c >&5
conftest.c:62:10: fatal error: vfork.h: No such file or directory
 #include <vfork.h>
          ^~~~~~~~~
compilation terminated.
configure:15993: $? = 1
configure: failed program was:
| /* confdefs.h */
| #define PACKAGE_NAME "libccd"
| #define PACKAGE_TARNAME "libccd"
| #define PACKAGE_VERSION "1.0"
| #define PACKAGE_STRING "libccd 1.0"
| #define PACKAGE_BUGREPORT "danfis@danfis.cz"
| #define PACKAGE_URL ""
| #define PACKAGE "libccd"
| #define VERSION "1.0"
| #define STDC_HEADERS 1
| #define HAVE_SYS_TYPES_H 1
| #define HAVE_SYS_STAT_H 1
| #define HAVE_STDLIB_H 1
| #define HAVE_STRING_H 1
| #define HAVE_MEMORY_H 1
| #define HAVE_STRINGS_H 1
| #define HAVE_INTTYPES_H 1
| #define HAVE_STDINT_H 1
| #define HAVE_UNISTD_H 1
| #define HAVE_DLFCN_H 1
| #define LT_OBJDIR ".libs/"
| #define HAVE_LIBM 1
| #define HAVE_LIBRT 1
| #define HAVE_FLOAT_H 1
| #define HAVE_STDLIB_H 1
| #define HAVE_STRING_H 1
| #define HAVE_UNISTD_H 1
| /* end confdefs.h.  */
| #include <stdio.h>
| #ifdef HAVE_SYS_TYPES_H
| # include <sys/types.h>
| #endif
| #ifdef HAVE_SYS_STAT_H
| # include <sys/stat.h>
| #endif
| #ifdef STDC_HEADERS
| # include <stdlib.h>
| # include <stddef.h>
| #else
| # ifdef HAVE_STDLIB_H
| #  include <stdlib.h>
| # endif
| #endif
| #ifdef HAVE_STRING_H
| # if !defined STDC_HEADERS && defined HAVE_MEMORY_H
| #  include <memory.h>
| # endif
| # include <string.h>
| #endif
| #ifdef HAVE_STRINGS_H
| # include <strings.h>
| #endif
| #ifdef HAVE_INTTYPES_H
| # include <inttypes.h>
| #endif
| #ifdef HAVE_STDINT_H
| # include <stdint.h>
| #endif
| #ifdef HAVE_UNISTD_H
| # include <unistd.h>
| #endif
| #include <vfork.h>
configure:15993: result: no
configure:15993: checking vfork.h presence
configure:15993: gcc -E  conftest.c
conftest.c:29:10: fatal error: vfork.h: No such file or directory
 #include <vfork.h>
          ^~~~~~~~~
compilation terminated.
configure:15993: $? = 1
configure: failed program was:
| /* confdefs.h */
| #define PACKAGE_NAME "libccd"
| #define PACKAGE_TARNAME "libccd"
| #define PACKAGE_VERSION "1.0"
| #define PACKAGE_STRING "libccd 1.0"
| #define PACKAGE_BUGREPORT "danfis@danfis.cz"
| #define PACKAGE_URL ""
| #define PACKAGE "libccd"
| #define VERSION "1.0"
| #define STDC_HEADERS 1
| #define HAVE_SYS_TYPES_H 1
| #define HAVE_SYS_STAT_H 1
| #define HAVE_STDLIB_H 1
| #define HAVE_STRING_H 1
| #define HAVE_MEMORY_H 1
| #define HAVE_STRINGS_H 1
| #define HAVE_INTTYPES_H 1
| #define HAVE_STDINT_H 1
| #define HAVE_UNISTD_H 1
| #define HAVE_DLFCN_H 1
| #define LT_OBJDIR ".libs/"
| #define HAVE_LIBM 1
| #define HAVE_LIBRT 1
| #define HAVE_FLOAT_H 1
| #define HAVE_STDLIB_H 1
| #define HAVE_STRING_H 1
| #define HAVE_UNISTD_H 1
| /* end confdefs.h.  */
| #include <vfork.h>
configure:15993: result: no
configure:15993: checking for vfork.h
configure:15993: result: no
configure:16006: checking for fork
configure:16006: gcc -o conftest -g -O2   conftest.c -lrt -lm  >&5
conftest.c:52:6: warning: conflicting types for built-in function 'fork' [-Wbuiltin-declaration-mismatch]
 char fork ();
      ^~~~
configure:16006: $? = 0
configure:16006: result: yes
configure:16006: checking for vfork
configure:16006: gcc -o conftest -g -O2   conftest.c -lrt -lm  >&5
configure:16006: $? = 0
configure:16006: result: yes
configure:16016: checking for working fork
configure:16038: gcc -o conftest -g -O2   conftest.c -lrt -lm  >&5
configure:16038: $? = 0
configure:16038: ./conftest
configure:16038: $? = 0
configure:16048: result: yes
configure:16069: checking for working vfork
configure:16179: result: yes
configure:16206: checking for clock_gettime
configure:16206: gcc -o conftest -g -O2   conftest.c -lrt -lm  >&5
configure:16206: $? = 0
configure:16206: result: yes
configure:16341: checking that generated files are newer than configure
configure:16347: result: done
configure:16374: creating ./config.status

## ---------------------- ##
## Running config.status. ##
## ---------------------- ##

This file was extended by libccd config.status 1.0, which was
generated by GNU Autoconf 2.69.  Invocation command line was

  CONFIG_FILES    = 
  CONFIG_HEADERS  = 
  CONFIG_LINKS    = 
  CONFIG_COMMANDS = 
  $ ./config.status 

on linux-ne70

config.status:1163: creating Makefile
config.status:1163: creating src/Makefile
config.status:1163: creating src/ccd/precision.h
config.status:1163: creating src/testsuites/Makefile
config.status:1163: creating src/testsuites/cu/Makefile
config.status:1163: creating src/config.h
config.status:1392: executing depfiles commands
config.status:1392: executing libtool commands

## ---------------- ##
## Cache variables. ##
## ---------------- ##

ac_cv_build=x86_64-pc-linux-gnu
ac_cv_c_compiler_gnu=yes
ac_cv_cxx_compiler_gnu=yes
ac_cv_env_CCC_set=
ac_cv_env_CCC_value=
ac_cv_env_CC_set=
ac_cv_env_CC_value=
ac_cv_env_CFLAGS_set=
ac_cv_env_CFLAGS_value=
ac_cv_env_CPPFLAGS_set=
ac_cv_env_CPPFLAGS_value=
ac_cv_env_CPP_set=
ac_cv_env_CPP_value=
ac_cv_env_CXXCPP_set=
ac_cv_env_CXXCPP_value=
ac_cv_env_CXXFLAGS_set=
ac_cv_env_CXXFLAGS_value=
ac_cv_env_CXX_set=
ac_cv_env_CXX_value=
ac_cv_env_LDFLAGS_set=
ac_cv_env_LDFLAGS_value=
ac_cv_env_LIBS_set=
ac_cv_env_LIBS_value=
ac_cv_env_LT_SYS_LIBRARY_PATH_set=
ac_cv_env_LT_SYS_LIBRARY_PATH_value=
ac_cv_env_build_alias_set=
ac_cv_env_build_alias_value=
ac_cv_env_host_alias_set=
ac_cv_env_host_alias_value=
ac_cv_env_target_alias_set=
ac_cv_env_target_alias_value=
ac_cv_func_clock_gettime=yes
ac_cv_func_fork=yes
ac_cv_func_fork_works=yes
ac_cv_func_vfork=yes
ac_cv_func_vfork_works=yes
ac_cv_header_dlfcn_h=yes
ac_cv_header_float_h=yes
ac_cv_header_inttypes_h=yes
ac_cv_header_memory_h=yes
ac_cv_header_stdc=yes
ac_cv_header_stdint_h=yes
ac_cv_header_stdlib_h=yes
ac_cv_header_string_h=yes
ac_cv_header_strings_h=yes
ac_cv_header_sys_stat_h=yes
ac_cv_header_sys_types_h=yes
ac_cv_header_unistd_h=yes
ac_cv_header_vfork_h=no
ac_cv_host=x86_64-pc-linux-gnu
ac_cv_lib_m_main=yes
ac_cv_lib_rt_main=yes
ac_cv_objext=o
ac_cv_path_EGREP='/usr/bin/grep -E'
ac_cv_path_FGREP='/usr/bin/grep -F'
ac_cv_path_GREP=/usr/bin/grep
ac_cv_path_SED=/usr/bin/sed
ac_cv_path_install='/usr/bin/install -c'
ac_cv_path_lt_DD=/usr/bin/dd
ac_cv_path_mkdir=/usr/bin/mkdir
ac_cv_prog_AWK=gawk
ac_cv_prog_CPP='gcc -E'
ac_cv_prog_CXXCPP='g++ -E'
ac_cv_prog_ac_ct_AR=ar
ac_cv_prog_ac_ct_CC=gcc
ac_cv_prog_ac_ct_CXX=g++
ac_cv_prog_ac_ct_MANIFEST_TOOL=mt
ac_cv_prog_ac_ct_OBJDUMP=objdump
ac_cv_prog_ac_ct_RANLIB=ranlib
ac_cv_prog_ac_ct_STRIP=strip
ac_cv_prog_cc_c89=
ac_cv_prog_cc_g=yes
ac_cv_prog_cxx_g=yes
ac_cv_prog_make_make_set=yes
ac_cv_type_pid_t=yes
ac_cv_type_size_t=yes
am_cv_CC_dependencies_compiler_type=gcc3
am_cv_CXX_dependencies_compiler_type=gcc3
am_cv_make_support_nested_variables=yes
am_cv_prog_cc_c_o=yes
lt_cv_ar_at_file=@
lt_cv_deplibs_check_method=pass_all
lt_cv_file_magic_cmd='$MAGIC_CMD'
lt_cv_file_magic_test_file=
lt_cv_ld_reload_flag=-r
lt_cv_nm_interface='BSD nm'
lt_cv_objdir=.libs
lt_cv_path_LD=/usr/x86_64-suse-linux/bin/ld
lt_cv_path_LDCXX='/usr/x86_64-suse-linux/bin/ld -m elf_x86_64'
lt_cv_path_NM='/usr/bin/nm -B'
lt_cv_path_mainfest_tool=no
lt_cv_prog_compiler_c_o=yes
lt_cv_prog_compiler_c_o_CXX=yes
lt_cv_prog_compiler_pic='-fPIC -DPIC'
lt_cv_prog_compiler_pic_CXX='-fPIC -DPIC'
lt_cv_prog_compiler_pic_works=yes
lt_cv_prog_compiler_pic_works_CXX=yes
lt_cv_prog_compiler_rtti_exceptions=no
lt_cv_prog_compiler_static_works=no
lt_cv_prog_compiler_static_works_CXX=no
lt_cv_prog_gnu_ld=yes
lt_cv_prog_gnu_ldcxx=yes
lt_cv_sharedlib_from_linklib_cmd='printf %s\n'
lt_cv_shlibpath_overrides_runpath=yes
lt_cv_sys_global_symbol_pipe='sed -n -e '\''s/^.*[	 ]\([ABCDGIRSTW][ABCDGIRSTW]*\)[	 ][	 ]*\([_A-Za-z][_A-Za-z0-9]*\)$/\1 \2 \2/p'\'' | sed '\''/ __gnu_lto/d'\'''
lt_cv_sys_global_symbol_to_c_name_address='sed -n -e '\''s/^: \(.*\) .*$/  {"\1", (void *) 0},/p'\'' -e '\''s/^[ABCDGIRSTW][ABCDGIRSTW]* .* \(.*\)$/  {"\1", (void *) \&\1},/p'\'''
lt_cv_sys_global_symbol_to_c_name_address_lib_prefix='sed -n -e '\''s/^: \(.*\) .*$/  {"\1", (void *) 0},/p'\'' -e '\''s/^[ABCDGIRSTW][ABCDGIRSTW]* .* \(lib.*\)$/  {"\1", (void *) \&\1},/p'\'' -e '\''s/^[ABCDGIRSTW][ABCDGIRSTW]* .* \(.*\)$/  {"lib\1", (void *) \&\1},/p'\'''
lt_cv_sys_global_symbol_to_cdecl='sed -n -e '\''s/^T .* \(.*\)$/extern int \1();/p'\'' -e '\''s/^[ABCDGIRSTW][ABCDGIRSTW]* .* \(.*\)$/extern char \1;/p'\'''
lt_cv_sys_global_symbol_to_import=
lt_cv_sys_max_cmd_len=1572864
lt_cv_to_host_file_cmd=func_convert_file_noop
lt_cv_to_tool_file_cmd=func_convert_file_noop
lt_cv_truncate_bin='/usr/bin/dd bs=4096 count=1'

## ----------------- ##
## Output variables. ##
## ----------------- ##

ACLOCAL='${SHELL} /home/yinp/Devspace/GitRep/documents/demos/simple-udp/thirdparty/ode-0.16/missing aclocal-1.15'
AMDEPBACKSLASH='\'
AMDEP_FALSE='#'
AMDEP_TRUE=''
AMTAR='$${TAR-tar}'
AM_BACKSLASH='\'
AM_DEFAULT_V='$(AM_DEFAULT_VERBOSITY)'
AM_DEFAULT_VERBOSITY='1'
AM_V='$(V)'
AR='ar'
AUTOCONF='${SHELL} /home/yinp/Devspace/GitRep/documents/demos/simple-udp/thirdparty/ode-0.16/missing autoconf'
AUTOHEADER='${SHELL} /home/yinp/Devspace/GitRep/documents/demos/simple-udp/thirdparty/ode-0.16/missing autoheader'
AUTOMAKE='${SHELL} /home/yinp/Devspace/GitRep/documents/demos/simple-udp/thirdparty/ode-0.16/missing automake-1.15'
AWK='gawk'
CC='gcc'
CCDEPMODE='depmode=gcc3'
CCD_PRECISION='CCD_SINGLE'
CFLAGS='-g -O2'
CPP='gcc -E'
CPPFLAGS=''
CXX='g++'
CXXCPP='g++ -E'
CXXDEPMODE='depmode=gcc3'
CXXFLAGS='-g -O2'
CYGPATH_W='echo'
DEFS='-DHAVE_CONFIG_H'
DEPDIR='.deps'
DLLTOOL='false'
DSYMUTIL=''
DUMPBIN=''
ECHO_C=''
ECHO_N='-n'
ECHO_T=''
EGREP='/usr/bin/grep -E'
EXEEXT=''
FGREP='/usr/bin/grep -F'
GREP='/usr/bin/grep'
INSTALL_DATA='${INSTALL} -m 644'
INSTALL_PROGRAM='${INSTALL}'
INSTALL_SCRIPT='${INSTALL}'
INSTALL_STRIP_PROGRAM='$(install_sh) -c -s'
LD='/usr/x86_64-suse-linux/bin/ld -m elf_x86_64'
LDFLAGS=''
LIBOBJS=''
LIBS='-lrt -lm '
LIBTOOL='$(SHELL) $(top_builddir)/libtool'
LIPO=''
LN_S='ln -s'
LTLIBOBJS=''
LT_SYS_LIBRARY_PATH=''
MAKEINFO='${SHELL} /home/yinp/Devspace/GitRep/documents/demos/simple-udp/thirdparty/ode-0.16/missing makeinfo'
MANIFEST_TOOL=':'
MKDIR_P='/usr/bin/mkdir -p'
NM='/usr/bin/nm -B'
NMEDIT=''
OBJDUMP='objdump'
OBJEXT='o'
OTOOL64=''
OTOOL=''
PACKAGE='libccd'
PACKAGE_BUGREPORT='danfis@danfis.cz'
PACKAGE_NAME='libccd'
PACKAGE_STRING='libccd 1.0'
PACKAGE_TARNAME='libccd'
PACKAGE_URL=''
PACKAGE_VERSION='1.0'
PATH_SEPARATOR=':'
RANLIB='ranlib'
SED='/usr/bin/sed'
SET_MAKE=''
SHELL='/bin/sh'
STRIP='strip'
VERSION='1.0'
ac_ct_AR='ar'
ac_ct_CC='gcc'
ac_ct_CXX='g++'
ac_ct_DUMPBIN=''
am__EXEEXT_FALSE=''
am__EXEEXT_TRUE='#'
am__fastdepCC_FALSE='#'
am__fastdepCC_TRUE=''
am__fastdepCXX_FALSE='#'
am__fastdepCXX_TRUE=''
am__include='include'
am__isrc=''
am__leading_dot='.'
am__nodep='_no'
am__quote=''
am__tar='$${TAR-tar} chof - "$$tardir"'
am__untar='$${TAR-tar} xf -'
bindir='${exec_prefix}/bin'
build='x86_64-pc-linux-gnu'
build_alias=''
build_cpu='x86_64'
build_os='linux-gnu'
build_vendor='pc'
datadir='${datarootdir}'
datarootdir='${prefix}/share'
docdir='${datarootdir}/doc/${PACKAGE_TARNAME}'
dvidir='${docdir}'
exec_prefix='${prefix}'
host='x86_64-pc-linux-gnu'
host_alias=''
host_cpu='x86_64'
host_os='linux-gnu'
host_vendor='pc'
htmldir='${docdir}'
includedir='${prefix}/include'
infodir='${datarootdir}/info'
install_sh='${SHELL} /home/yinp/Devspace/GitRep/documents/demos/simple-udp/thirdparty/ode-0.16/install-sh'
libdir='${exec_prefix}/lib64'
libexecdir='${exec_prefix}/lib'
localedir='${datarootdir}/locale'
localstatedir='${prefix}/var'
mandir='${datarootdir}/man'
mkdir_p='$(MKDIR_P)'
oldincludedir='/usr/include'
pdfdir='${docdir}'
prefix='/usr/local'
program_transform_name='s,x,x,'
psdir='${docdir}'
runstatedir='${localstatedir}/run'
sbindir='${exec_prefix}/sbin'
sharedstatedir='${prefix}/com'
sysconfdir='${prefix}/etc'
target_alias=''

## ----------- ##
## confdefs.h. ##
## ----------- ##

/* confdefs.h */
#define PACKAGE_NAME "libccd"
#define PACKAGE_TARNAME "libccd"
#define PACKAGE_VERSION "1.0"
#define PACKAGE_STRING "libccd 1.0"
#define PACKAGE_BUGREPORT "danfis@danfis.cz"
#define PACKAGE_URL ""
#define PACKAGE "libccd"
#define VERSION "1.0"
#define STDC_HEADERS 1
#define HAVE_SYS_TYPES_H 1
#define HAVE_SYS_STAT_H 1
#define HAVE_STDLIB_H 1
#define HAVE_STRING_H 1
#define HAVE_MEMORY_H 1
#define HAVE_STRINGS_H 1
#define HAVE_INTTYPES_H 1
#define HAVE_STDINT_H 1
#define HAVE_UNISTD_H 1
#define HAVE_DLFCN_H 1
#define LT_OBJDIR ".libs/"
#define HAVE_LIBM 1
#define HAVE_LIBRT 1
#define HAVE_FLOAT_H 1
#define HAVE_STDLIB_H 1
#define HAVE_STRING_H 1
#define HAVE_UNISTD_H 1
#define HAVE_FORK 1
#define HAVE_VFORK 1
#define HAVE_WORKING_VFORK 1
#define HAVE_WORKING_FORK 1
#define HAVE_CLOCK_GETTIME 1

configure: exit 0
